\BOOKMARK [1][-]{chapter*.1}{Literaturverzeichnis}{}% 1
\BOOKMARK [1][-]{chapter*.2}{Abbildungsverzeichnis}{}% 2
\BOOKMARK [1][-]{chapter*.3}{Tabellenverzeichnis}{}% 3
\BOOKMARK [0][-]{chapter.1}{Einleitung}{}% 4
\BOOKMARK [1][-]{section.1.1}{Das Brettspiel M\374hle}{chapter.1}% 5
\BOOKMARK [1][-]{section.1.2}{Eingesetzte Software und Programmiersprache}{chapter.1}% 6
\BOOKMARK [2][-]{subsection.1.2.1}{Programmiersprache Java}{section.1.2}% 7
\BOOKMARK [2][-]{subsection.1.2.2}{GUI-Toolkit Swing}{section.1.2}% 8
\BOOKMARK [2][-]{subsection.1.2.3}{Eclipse}{section.1.2}% 9
\BOOKMARK [2][-]{subsection.1.2.4}{Inkscape}{section.1.2}% 10
\BOOKMARK [2][-]{subsection.1.2.5}{Github}{section.1.2}% 11
\BOOKMARK [1][-]{section.1.3}{Was ist k\374nstliche Intelligenz?}{chapter.1}% 12
\BOOKMARK [1][-]{section.1.4}{Einsatzgebiete von k\374nstlicher Intelligenz}{chapter.1}% 13
\BOOKMARK [2][-]{subsection.1.4.1}{Gesichtserkennung}{section.1.4}% 14
\BOOKMARK [2][-]{subsection.1.4.2}{Autonomes Fahren}{section.1.4}% 15
\BOOKMARK [2][-]{subsection.1.4.3}{Robotik}{section.1.4}% 16
\BOOKMARK [2][-]{subsection.1.4.4}{Computerspiele}{section.1.4}% 17
\BOOKMARK [0][-]{chapter.2}{Aufgabenstellung}{}% 18
\BOOKMARK [0][-]{chapter.3}{Anforderungsanalyse}{}% 19
\BOOKMARK [1][-]{section.3.1}{Aufbau von M\374hle}{chapter.3}% 20
\BOOKMARK [1][-]{section.3.2}{Grundlegende Logik}{chapter.3}% 21
\BOOKMARK [2][-]{subsection.3.2.1}{Setzphase}{section.3.2}% 22
\BOOKMARK [2][-]{subsection.3.2.2}{Verschiebenphase}{section.3.2}% 23
\BOOKMARK [2][-]{subsection.3.2.3}{Springenphase}{section.3.2}% 24
\BOOKMARK [1][-]{section.3.3}{K\374nstliche Intelligenz}{chapter.3}% 25
\BOOKMARK [1][-]{section.3.4}{Abgrenzung}{chapter.3}% 26
\BOOKMARK [0][-]{chapter.4}{Implementierung}{}% 27
\BOOKMARK [1][-]{section.4.1}{Datenstrukturen}{chapter.4}% 28
\BOOKMARK [2][-]{subsection.4.1.1}{Felder}{section.4.1}% 29
\BOOKMARK [2][-]{subsection.4.1.2}{Nachbarschaftsfelder}{section.4.1}% 30
\BOOKMARK [2][-]{subsection.4.1.3}{Linien}{section.4.1}% 31
\BOOKMARK [2][-]{subsection.4.1.4}{Spielsteine}{section.4.1}% 32
\BOOKMARK [2][-]{subsection.4.1.5}{Spielz\374ge}{section.4.1}% 33
\BOOKMARK [1][-]{section.4.2}{Spieler vs. Spieler}{chapter.4}% 34
\BOOKMARK [2][-]{subsection.4.2.1}{Setzphase}{section.4.2}% 35
\BOOKMARK [2][-]{subsection.4.2.2}{Verschiebenphase}{section.4.2}% 36
\BOOKMARK [2][-]{subsection.4.2.3}{Springenphase}{section.4.2}% 37
\BOOKMARK [1][-]{section.4.3}{Minimax-Algorithmus}{chapter.4}% 38
\BOOKMARK [2][-]{subsection.4.3.1}{Einf\374hrung}{section.4.3}% 39
\BOOKMARK [2][-]{subsection.4.3.2}{Bewertungsfunktion}{section.4.3}% 40
\BOOKMARK [2][-]{subsection.4.3.3}{Suchbaum Beispiel}{section.4.3}% 41
\BOOKMARK [2][-]{subsection.4.3.4}{Max Methode}{section.4.3}% 42
\BOOKMARK [2][-]{subsection.4.3.5}{Min Methode}{section.4.3}% 43
\BOOKMARK [2][-]{subsection.4.3.6}{M\374hle Bewertungsfunktion}{section.4.3}% 44
\BOOKMARK [2][-]{subsection.4.3.7}{Rechenaufwand}{section.4.3}% 45
\BOOKMARK [0][-]{chapter.5}{Bedienungsanleitung}{}% 46
\BOOKMARK [1][-]{section.5.1}{Programm Ausf\374hrung}{chapter.5}% 47
\BOOKMARK [1][-]{section.5.2}{Startbildschirm}{chapter.5}% 48
\BOOKMARK [1][-]{section.5.3}{M\374hle Spielbewegungen}{chapter.5}% 49
\BOOKMARK [0][-]{chapter.6}{Fazit und Ausblick}{}% 50
